C51 COMPILER V9.60.0.0   SOURCE_0_1                                                        03/17/2021 20:53:19 PAGE 1   


C51 COMPILER V9.60.0.0, COMPILATION OF MODULE SOURCE_0_1
OBJECT MODULE PLACED IN .\Objects\source_0.1.obj
COMPILER INVOKED BY: C:\Keil_v5\C51\BIN\C51.EXE source_0.1.c OPTIMIZE(8,SPEED) BROWSE DEBUG OBJECTEXTEND PRINT(.\Listing
                    -s\source_0.1.lst) TABS(2) OBJECT(.\Objects\source_0.1.obj)

line level    source

   1          //10KHz定时器，产生5KHz脉冲信号
   2          #include<reg52.h>
   3          #define unchar unsigned char
   4          #define unint unsigned int
   5          sbit pul=P1^0;
   6          sbit dir=P1^1;
   7          sbit en=P1^2;
   8          sbit s1=P3^4;
   9          sbit s2=P3^5;
  10          sbit s3=P3^6;
  11          sbit s4=P3^7;
  12          unint temp;
  13          unint ti;
  14          unint state,pause;
  15          
  16          void delay(unint delay){
  17   1          unint x,y;
  18   1          for(x=delay;x>0;x--){
  19   2              for(y=255;y>0;y--);
  20   2          }
  21   1      }
  22          
  23          void states(){
  24   1          P3=0Xfe;
  25   1          temp=P3;
  26   1          temp=temp&0xf0;
  27   1          if(temp!=0xf0){
  28   2              delay(10);
  29   2              if(temp!=0xf0){
  30   3                  switch(temp){
  31   4                      case 0xe0:
  32   4                          pause=0;
  33   4                          break;
  34   4                      case 0xd0:
  35   4                          pause=1;
  36   4                          break;
  37   4                      case 0xb0:
  38   4                          dir=0;
  39   4                          break;
  40   4                      case 0x70:
  41   4                          dir=1;
  42   4                          break;
  43   4                  }
  44   3              }
  45   2          }
  46   1          P3=0Xfd;
  47   1          temp=P3;
  48   1          temp=temp&0xf0;
  49   1          if(temp!=0xf0){
  50   2              delay(10);
  51   2              if(temp!=0xf0){
  52   3                  switch(temp){
  53   4                      case 0xe0:
  54   4                          state=20;
C51 COMPILER V9.60.0.0   SOURCE_0_1                                                        03/17/2021 20:53:19 PAGE 2   

  55   4                          break;
  56   4                      case 0xd0:
  57   4                          state=10;
  58   4                          break;
  59   4                      case 0xb0:
  60   4                          state=2;
  61   4                          break;
  62   4                      case 0x70:
  63   4                          state=1;
  64   4                          break;
  65   4                  }
  66   3              }
  67   2          }
  68   1      }
  69          
  70          void timer0() interrupt 1{
  71   1          TH0=(65536-92)/256;
  72   1          TL0=(65536-92)%256;
  73   1          ti++;
  74   1          states();
  75   1          if(pause==0){
  76   2              if(ti==state){
  77   3                  ti=0;
  78   3                  pul=~pul;
  79   3              }
  80   2              else if(ti>=state){
  81   3                  ti=0;
  82   3              }
  83   2          }
  84   1      }
  85          
  86          void main(){
  87   1          ti=0;
  88   1          TMOD=0x01;
  89   1          TH0=(65536-92)/256;
  90   1          TL0=(65536-92)%256;
  91   1          EA=1;
  92   1          ET0=1;
  93   1          EX0=1;
  94   1          TR0=1;
  95   1          pul=0;
  96   1          dir=0;
  97   1          pause=1;
  98   1          state=20;
  99   1          while(1);
 100   1      }


MODULE INFORMATION:   STATIC OVERLAYABLE
   CODE SIZE        =    327    ----
   CONSTANT SIZE    =   ----    ----
   XDATA SIZE       =   ----    ----
   PDATA SIZE       =   ----    ----
   DATA SIZE        =      8    ----
   IDATA SIZE       =   ----    ----
   BIT SIZE         =   ----    ----
END OF MODULE INFORMATION.


C51 COMPILATION COMPLETE.  0 WARNING(S),  0 ERROR(S)
